Making prediction by using facial image "congealingcomplex" with feature "open_face" ...

Loading feature ...
Feature loaded successfully.

Performing training phase ...
Resetting working directory: congealingcomplex with open_face
0%  100%
[     ]
Working on the 1/5 fold ...
In epoch 00001: score improved from -inf to 0.8130, saving model to Model_1.hdf5.
In epoch 00002: score improved from 0.8130 to 0.8132, saving model to Model_1.hdf5.
In epoch 00003: score improved from 0.8132 to 0.8132, saving model to Model_1.hdf5.
In epoch 00004: score improved from 0.8132 to 0.8133, saving model to Model_1.hdf5.
In epoch 00005: score improved from 0.8133 to 0.8135, saving model to Model_1.hdf5.
For the 1 fold, the Keras model achieved the score 0.8135 at the 5 epoch.
[#    ] | ETA: 00:04:44
Working on the 2/5 fold ...
In epoch 00001: score improved from -inf to 0.8123, saving model to Model_2.hdf5.
For the 2 fold, the Keras model achieved the score 0.8123 at the 1 epoch.
[##   ] | ETA: 00:03:29
Working on the 3/5 fold ...
In epoch 00001: score improved from -inf to 0.8282, saving model to Model_3.hdf5.
For the 3 fold, the Keras model achieved the score 0.8282 at the 1 epoch.
[###  ] | ETA: 00:02:15
Working on the 4/5 fold ...
In epoch 00001: score improved from -inf to 0.8006, saving model to Model_4.hdf5.
In epoch 00002: score improved from 0.8006 to 0.8006, saving model to Model_4.hdf5.
In epoch 00005: score improved from 0.8006 to 0.8008, saving model to Model_4.hdf5.
For the 4 fold, the Keras model achieved the score 0.8008 at the 5 epoch.
[#### ] | ETA: 00:01:06
Working on the 5/5 fold ...
In epoch 00001: score improved from -inf to 0.8212, saving model to Model_5.hdf5.
In epoch 00002: score improved from 0.8212 to 0.8215, saving model to Model_5.hdf5.
In epoch 00005: score improved from 0.8215 to 0.8216, saving model to Model_5.hdf5.
For the 5 fold, the Keras model achieved the score 0.8216 at the 5 epoch.
[#####] | ETA: 00:00:00
Total time elapsed: 00:05:29
Title: 
  Started: 02/22/2016 14:47:22
  Finished: 02/22/2016 14:52:51
  Total time elapsed: 00:05:29
  CPU %: 100.000000
  Memory %: 4.181047

The best score is 0.8282 and the highest epoch is 5.

Generating prediction ...

Working on Model_1 ...
0%                          100%
[##############################] | ETA: 00:00:00
Total time elapsed: 00:19:02
Title: 
  Started: 02/22/2016 14:53:08
  Finished: 02/22/2016 15:12:10
  Total time elapsed: 00:19:02
  CPU %: 100.000000
  Memory %: 4.627455

Working on Model_2 ...
0%                          100%
[##############################] | ETA: 00:00:00
Total time elapsed: 00:19:27
Title: 
  Started: 02/22/2016 15:12:28
  Finished: 02/22/2016 15:31:55
  Total time elapsed: 00:19:27
  CPU %: 100.000000
  Memory %: 5.444911

Working on Model_3 ...
0%                          100%
[##############################] | ETA: 00:00:00
Total time elapsed: 00:18:56
Title: 
  Started: 02/22/2016 15:32:13
  Finished: 02/22/2016 15:51:09
  Total time elapsed: 00:18:56
  CPU %: 100.000000
  Memory %: 5.509738

Working on Model_4 ...
0%                          100%
[##############################] | ETA: 00:00:00
Total time elapsed: 00:18:54
Title: 
  Started: 02/22/2016 15:51:27
  Finished: 02/22/2016 16:10:21
  Total time elapsed: 00:18:54
  CPU %: 100.000000
  Memory %: 5.509312

Working on Model_5 ...
0%                          100%
[##############################] | ETA: 00:00:00
Total time elapsed: 00:18:52
Title: 
  Started: 02/22/2016 16:10:38
  Finished: 02/22/2016 16:29:31
  Total time elapsed: 00:18:52
  CPU %: 100.000000
  Memory %: 5.653992

